<?xml version="1.0" encoding="UTF-8"?>
<coverage generated="1748682068497" clover="3.2.0">
  <project timestamp="1748682068497" name="All files">
    <metrics statements="18" coveredstatements="12" conditionals="6" coveredconditionals="5" methods="4" coveredmethods="1" elements="28" coveredelements="18" complexity="0" loc="18" ncloc="18" packages="1" files="1" classes="1"/>
    <file name="server.js" path="C:\Users\ZBooK\OneDrive\Nana🎀🩰\Lain-lain\College\Material\Semester 4\KPL_Prajna paramitha_2311104016_SE0701\12_Unit testing\TP_2311104016\server.js">
      <metrics statements="18" coveredstatements="12" conditionals="6" coveredconditionals="5" methods="4" coveredmethods="1"/>
      <line num="1" count="1" type="stmt"/>
      <line num="2" count="1" type="stmt"/>
      <line num="3" count="1" type="stmt"/>
      <line num="4" count="1" type="stmt"/>
      <line num="7" count="3" type="cond" truecount="2" falsecount="0"/>
      <line num="8" count="2" type="cond" truecount="2" falsecount="0"/>
      <line num="9" count="1" type="stmt"/>
      <line num="12" count="1" type="stmt"/>
      <line num="13" count="1" type="stmt"/>
      <line num="14" count="0" type="stmt"/>
      <line num="15" count="0" type="stmt"/>
      <line num="16" count="0" type="stmt"/>
      <line num="20" count="1" type="cond" truecount="1" falsecount="1"/>
      <line num="21" count="0" type="stmt"/>
      <line num="22" count="0" type="stmt"/>
      <line num="27" count="1" type="stmt"/>
      <line num="29" count="1" type="stmt"/>
      <line num="30" count="0" type="stmt"/>
    </file>
  </project>
</coverage>
