{"C:\\Users\\ZBooK\\OneDrive\\Nana🎀🩰\\Lain-lain\\College\\Material\\Semester 4\\KPL_Prajna paramitha_2311104016_SE0701\\12_Unit testing\\TP_2311104016\\server.js": {"path":"C:\\Users\\ZBooK\\OneDrive\\Nana🎀🩰\\Lain-lain\\College\\Material\\Semester 4\\KPL_Prajna paramitha_2311104016_SE0701\\12_Unit testing\\TP_2311104016\\server.js","statementMap":{"0":{"start":{"line":1,"column":16},"end":{"line":1,"column":34}},"1":{"start":{"line":2,"column":13},"end":{"line":2,"column":28}},"2":{"start":{"line":3,"column":12},"end":{"line":3,"column":21}},"3":{"start":{"line":4,"column":13},"end":{"line":4,"column":17}},"4":{"start":{"line":7,"column":2},"end":{"line":9,"column":20}},"5":{"start":{"line":7,"column":13},"end":{"line":7,"column":30}},"6":{"start":{"line":8,"column":7},"end":{"line":9,"column":20}},"7":{"start":{"line":8,"column":18},"end":{"line":8,"column":35}},"8":{"start":{"line":9,"column":7},"end":{"line":9,"column":20}},"9":{"start":{"line":12,"column":0},"end":{"line":12,"column":56}},"10":{"start":{"line":13,"column":0},"end":{"line":17,"column":3}},"11":{"start":{"line":14,"column":16},"end":{"line":14,"column":45}},"12":{"start":{"line":15,"column":16},"end":{"line":15,"column":40}},"13":{"start":{"line":16,"column":2},"end":{"line":16,"column":46}},"14":{"start":{"line":20,"column":0},"end":{"line":24,"column":1}},"15":{"start":{"line":21,"column":2},"end":{"line":23,"column":5}},"16":{"start":{"line":22,"column":4},"end":{"line":22,"column":63}},"17":{"start":{"line":27,"column":0},"end":{"line":27,"column":39}},"18":{"start":{"line":29,"column":0},"end":{"line":31,"column":3}},"19":{"start":{"line":30,"column":2},"end":{"line":30,"column":61}}},"fnMap":{"0":{"name":"CariTandaBilangan","decl":{"start":{"line":6,"column":9},"end":{"line":6,"column":26}},"loc":{"start":{"line":6,"column":30},"end":{"line":10,"column":1}},"line":6},"1":{"name":"(anonymous_1)","decl":{"start":{"line":13,"column":16},"end":{"line":13,"column":17}},"loc":{"start":{"line":13,"column":30},"end":{"line":17,"column":1}},"line":13},"2":{"name":"(anonymous_2)","decl":{"start":{"line":21,"column":19},"end":{"line":21,"column":20}},"loc":{"start":{"line":21,"column":25},"end":{"line":23,"column":3}},"line":21},"3":{"name":"(anonymous_3)","decl":{"start":{"line":29,"column":17},"end":{"line":29,"column":18}},"loc":{"start":{"line":29,"column":23},"end":{"line":31,"column":1}},"line":29}},"branchMap":{"0":{"loc":{"start":{"line":7,"column":2},"end":{"line":9,"column":20}},"type":"if","locations":[{"start":{"line":7,"column":2},"end":{"line":9,"column":20}},{"start":{"line":8,"column":7},"end":{"line":9,"column":20}}],"line":7},"1":{"loc":{"start":{"line":8,"column":7},"end":{"line":9,"column":20}},"type":"if","locations":[{"start":{"line":8,"column":7},"end":{"line":9,"column":20}},{"start":{"line":9,"column":7},"end":{"line":9,"column":20}}],"line":8},"2":{"loc":{"start":{"line":20,"column":0},"end":{"line":24,"column":1}},"type":"if","locations":[{"start":{"line":20,"column":0},"end":{"line":24,"column":1}},{"start":{},"end":{}}],"line":20}},"s":{"0":1,"1":1,"2":1,"3":1,"4":3,"5":1,"6":2,"7":1,"8":1,"9":1,"10":1,"11":0,"12":0,"13":0,"14":1,"15":0,"16":0,"17":1,"18":1,"19":0},"f":{"0":3,"1":0,"2":0,"3":0},"b":{"0":[1,2],"1":[1,1],"2":[0,1]},"_coverageSchema":"1a1c01bbd47fc00a2c39e90264f33305004495a9","hash":"d2687645e81453566bd4e406a8450c5bbab3b4d5"}
}
