<?xml version="1.0" encoding="UTF-8"?>
<coverage generated="1748699842091" clover="3.2.0">
  <project timestamp="1748699842091" name="All files">
    <metrics statements="23" coveredstatements="18" conditionals="12" coveredconditionals="10" methods="3" coveredmethods="1" elements="38" coveredelements="29" complexity="0" loc="23" ncloc="23" packages="1" files="1" classes="1"/>
    <file name="server.js" path="C:\Users\ZBooK\OneDrive\Nana🎀🩰\Lain-lain\College\Material\Semester 4\KPL_Prajna paramitha_2311104016_SE0701\12_Unit testing\Jurnal_2311104016\server.js">
      <metrics statements="23" coveredstatements="18" conditionals="12" coveredconditionals="10" methods="3" coveredmethods="1"/>
      <line num="1" count="1" type="stmt"/>
      <line num="4" count="1" type="stmt"/>
      <line num="5" count="1" type="stmt"/>
      <line num="6" count="1" type="stmt"/>
      <line num="18" count="9" type="stmt"/>
      <line num="19" count="9" type="stmt"/>
      <line num="22" count="9" type="cond" truecount="2" falsecount="0"/>
      <line num="25" count="8" type="cond" truecount="2" falsecount="0"/>
      <line num="28" count="7" type="cond" truecount="4" falsecount="0"/>
      <line num="31" count="3" type="stmt"/>
      <line num="34" count="3" type="stmt"/>
      <line num="35" count="6" type="stmt"/>
      <line num="38" count="6" type="cond" truecount="1" falsecount="1"/>
      <line num="42" count="3" type="stmt"/>
      <line num="44" count="1" type="stmt"/>
      <line num="47" count="1" type="stmt"/>
      <line num="48" count="0" type="stmt"/>
      <line num="49" count="0" type="stmt"/>
      <line num="50" count="0" type="stmt"/>
      <line num="53" count="1" type="cond" truecount="1" falsecount="1"/>
      <line num="54" count="0" type="stmt"/>
      <line num="55" count="0" type="stmt"/>
      <line num="58" count="1" type="stmt"/>
    </file>
  </project>
</coverage>
