{"C:\\Users\\ZBooK\\OneDrive\\Nana🎀🩰\\Lain-lain\\College\\Material\\Semester 4\\KPL_Prajna paramitha_2311104016_SE0701\\12_Unit testing\\Jurnal_2311104016\\server.js": {"path":"C:\\Users\\ZBooK\\OneDrive\\Nana🎀🩰\\Lain-lain\\College\\Material\\Semester 4\\KPL_Prajna paramitha_2311104016_SE0701\\12_Unit testing\\Jurnal_2311104016\\server.js","statementMap":{"0":{"start":{"line":1,"column":16},"end":{"line":1,"column":34}},"1":{"start":{"line":4,"column":13},"end":{"line":4,"column":28}},"2":{"start":{"line":5,"column":12},"end":{"line":5,"column":21}},"3":{"start":{"line":6,"column":13},"end":{"line":6,"column":17}},"4":{"start":{"line":18,"column":2},"end":{"line":18,"column":22}},"5":{"start":{"line":19,"column":2},"end":{"line":19,"column":22}},"6":{"start":{"line":22,"column":2},"end":{"line":22,"column":24}},"7":{"start":{"line":22,"column":15},"end":{"line":22,"column":24}},"8":{"start":{"line":25,"column":2},"end":{"line":25,"column":23}},"9":{"start":{"line":25,"column":13},"end":{"line":25,"column":23}},"10":{"start":{"line":28,"column":2},"end":{"line":28,"column":35}},"11":{"start":{"line":28,"column":25},"end":{"line":28,"column":35}},"12":{"start":{"line":31,"column":15},"end":{"line":31,"column":16}},"13":{"start":{"line":34,"column":2},"end":{"line":39,"column":3}},"14":{"start":{"line":34,"column":15},"end":{"line":34,"column":16}},"15":{"start":{"line":35,"column":4},"end":{"line":35,"column":16}},"16":{"start":{"line":38,"column":4},"end":{"line":38,"column":39}},"17":{"start":{"line":38,"column":29},"end":{"line":38,"column":39}},"18":{"start":{"line":42,"column":2},"end":{"line":42,"column":16}},"19":{"start":{"line":44,"column":0},"end":{"line":44,"column":56}},"20":{"start":{"line":47,"column":0},"end":{"line":51,"column":3}},"21":{"start":{"line":48,"column":19},"end":{"line":48,"column":28}},"22":{"start":{"line":49,"column":16},"end":{"line":49,"column":38}},"23":{"start":{"line":50,"column":2},"end":{"line":50,"column":60}},"24":{"start":{"line":53,"column":0},"end":{"line":57,"column":1}},"25":{"start":{"line":54,"column":4},"end":{"line":56,"column":5}},"26":{"start":{"line":55,"column":4},"end":{"line":55,"column":63}},"27":{"start":{"line":58,"column":0},"end":{"line":58,"column":38}}},"fnMap":{"0":{"name":"CariNilaiPangkat","decl":{"start":{"line":16,"column":9},"end":{"line":16,"column":25}},"loc":{"start":{"line":16,"column":32},"end":{"line":43,"column":1}},"line":16},"1":{"name":"(anonymous_1)","decl":{"start":{"line":47,"column":20},"end":{"line":47,"column":21}},"loc":{"start":{"line":47,"column":34},"end":{"line":51,"column":1}},"line":47},"2":{"name":"(anonymous_2)","decl":{"start":{"line":54,"column":21},"end":{"line":54,"column":22}},"loc":{"start":{"line":54,"column":27},"end":{"line":56,"column":3}},"line":54}},"branchMap":{"0":{"loc":{"start":{"line":22,"column":2},"end":{"line":22,"column":24}},"type":"if","locations":[{"start":{"line":22,"column":2},"end":{"line":22,"column":24}},{"start":{},"end":{}}],"line":22},"1":{"loc":{"start":{"line":25,"column":2},"end":{"line":25,"column":23}},"type":"if","locations":[{"start":{"line":25,"column":2},"end":{"line":25,"column":23}},{"start":{},"end":{}}],"line":25},"2":{"loc":{"start":{"line":28,"column":2},"end":{"line":28,"column":35}},"type":"if","locations":[{"start":{"line":28,"column":2},"end":{"line":28,"column":35}},{"start":{},"end":{}}],"line":28},"3":{"loc":{"start":{"line":28,"column":6},"end":{"line":28,"column":23}},"type":"binary-expr","locations":[{"start":{"line":28,"column":6},"end":{"line":28,"column":12}},{"start":{"line":28,"column":16},"end":{"line":28,"column":23}}],"line":28},"4":{"loc":{"start":{"line":38,"column":4},"end":{"line":38,"column":39}},"type":"if","locations":[{"start":{"line":38,"column":4},"end":{"line":38,"column":39}},{"start":{},"end":{}}],"line":38},"5":{"loc":{"start":{"line":53,"column":0},"end":{"line":57,"column":1}},"type":"if","locations":[{"start":{"line":53,"column":0},"end":{"line":57,"column":1}},{"start":{},"end":{}}],"line":53}},"s":{"0":1,"1":1,"2":1,"3":1,"4":9,"5":9,"6":9,"7":1,"8":8,"9":1,"10":7,"11":4,"12":3,"13":3,"14":3,"15":6,"16":6,"17":0,"18":3,"19":1,"20":1,"21":0,"22":0,"23":0,"24":1,"25":0,"26":0,"27":1},"f":{"0":9,"1":0,"2":0},"b":{"0":[1,8],"1":[1,7],"2":[4,3],"3":[7,6],"4":[0,6],"5":[0,1]},"_coverageSchema":"1a1c01bbd47fc00a2c39e90264f33305004495a9","hash":"ebe047b3fdb2713d14bcf6aa403106bfa4ff0a5c"}
}
