TN:
SF:server.js
FN:16,CariNilaiPangkat
FN:47,(anonymous_1)
FN:54,(anonymous_2)
FNF:3
FNH:1
FNDA:9,CariNilaiPangkat
FNDA:0,(anonymous_1)
FNDA:0,(anonymous_2)
DA:1,1
DA:4,1
DA:5,1
DA:6,1
DA:18,9
DA:19,9
DA:22,9
DA:25,8
DA:28,7
DA:31,3
DA:34,3
DA:35,6
DA:38,6
DA:42,3
DA:44,1
DA:47,1
DA:48,0
DA:49,0
DA:50,0
DA:53,1
DA:54,0
DA:55,0
DA:58,1
LF:23
LH:18
BRDA:22,0,0,1
BRDA:22,0,1,8
BRDA:25,1,0,1
BRDA:25,1,1,7
BRDA:28,2,0,4
BRDA:28,2,1,3
BRDA:28,3,0,7
BRDA:28,3,1,6
BRDA:38,4,0,0
BRDA:38,4,1,6
BRDA:53,5,0,0
BRDA:53,5,1,1
BRF:12
BRH:10
end_of_record
